<?xml version="1.0" encoding="UTF-8"?>
<testsuite xmlns:xsi="http://www.w3.org/2001/XMLSchema-instance" xsi:noNamespaceSchemaLocation="https://maven.apache.org/surefire/maven-surefire-plugin/xsd/surefire-test-report-3.0.xsd" version="3.0" name="com.example.NewPrathams.NewPrathamsApplicationTests" time="2.149" tests="1" errors="0" skipped="0" failures="0">
  <properties>
[...]
</properties>
  <testcase name="contextLoads" classname="com.example.NewPrathams.NewPrathamsApplicationTests" time="0.71">
    <system-out><![CDATA[00:25:17.638 [main] INFO org.springframework.test.context.support.AnnotationConfigContextLoaderUtils -- Could not detect default configuration classes for test class [com.example.NewPrathams.NewPrathamsApplicationTests]: NewPrathamsApplicationTests does not declare any static, non-private, non-final, nested classes annotated with @Configuration.
00:25:17.739 [main] INFO org.springframework.boot.test.context.SpringBootTestContextBootstrapper -- Found @SpringBootConfiguration com.example.NewPrathams.NewPrathamsApplication for test class com.example.NewPrathams.NewPrathamsApplicationTests

  .   ____          _            __ _ _
 /\\ / ___'_ __ _ _(_)_ __  __ _ \ \ \ \
( ( )\___ | '_ | '_| | '_ \/ _` | \ \ \ \
 \\/  ___)| |_)| | | | | || (_| |  ) ) ) )
  '  |____| .__|_| |_|_| |_\__, | / / / /
 =========|_|==============|___/=/_/_/_/
 :: Spring Boot ::                (v3.2.1)

2024-01-12T00:25:18.052+05:30  INFO 14060 --- [           main] c.e.N.NewPrathamsApplicationTests        : Starting NewPrathamsApplicationTests using Java 21.0.1 with PID 14060 (started by prath in C:\Users\prath\Downloads\NewPrathamsAbstract\NewPrathams)
2024-01-12T00:25:18.053+05:30  INFO 14060 --- [           main] c.e.N.NewPrathamsApplicationTests        : No active profile set, falling back to 1 default profile: "default"
2024-01-12T00:25:18.906+05:30  INFO 14060 --- [           main] c.e.N.NewPrathamsApplicationTests        : Started NewPrathamsApplicationTests in 1.043 seconds (process running for 1.856)
]]></system-out>
    <system-err><![CDATA[WARNING: A Java agent has been loaded dynamically (C:\Users\prath\.m2\repository\net\bytebuddy\byte-buddy-agent\1.14.10\byte-buddy-agent-1.14.10.jar)
WARNING: If a serviceability tool is in use, please run with -XX:+EnableDynamicAgentLoading to hide this warning
WARNING: If a serviceability tool is not in use, please run with -Djdk.instrument.traceUsage for more information
WARNING: Dynamic loading of agents will be disallowed by default in a future release
]]></system-err>
  </testcase>
</testsuite>